mode: atomic
github.com/topfreegames/donations/api/donation.go:14.72,15.36 1 22
github.com/topfreegames/donations/api/donation.go:15.36,26.49 6 1
github.com/topfreegames/donations/api/donation.go:36.3,36.17 1 1
github.com/topfreegames/donations/api/donation.go:40.3,43.46 4 1
github.com/topfreegames/donations/api/donation.go:74.3,74.17 1 1
github.com/topfreegames/donations/api/donation.go:78.3,78.74 1 1
github.com/topfreegames/donations/api/donation.go:82.3,83.54 2 1
github.com/topfreegames/donations/api/donation.go:93.3,93.17 1 1
github.com/topfreegames/donations/api/donation.go:97.3,97.62 1 1
github.com/topfreegames/donations/api/donation.go:26.49,27.58 1 1
github.com/topfreegames/donations/api/donation.go:34.4,34.14 1 1
github.com/topfreegames/donations/api/donation.go:27.58,28.55 1 0
github.com/topfreegames/donations/api/donation.go:31.5,31.15 1 0
github.com/topfreegames/donations/api/donation.go:28.55,30.6 1 0
github.com/topfreegames/donations/api/donation.go:36.17,38.4 1 0
github.com/topfreegames/donations/api/donation.go:43.46,44.46 1 1
github.com/topfreegames/donations/api/donation.go:51.4,51.18 1 1
github.com/topfreegames/donations/api/donation.go:55.4,55.57 1 1
github.com/topfreegames/donations/api/donation.go:69.4,69.18 1 1
github.com/topfreegames/donations/api/donation.go:72.4,72.14 1 1
github.com/topfreegames/donations/api/donation.go:44.46,46.19 2 1
github.com/topfreegames/donations/api/donation.go:49.5,49.15 1 1
github.com/topfreegames/donations/api/donation.go:46.19,48.6 1 0
github.com/topfreegames/donations/api/donation.go:51.18,53.5 1 0
github.com/topfreegames/donations/api/donation.go:55.57,63.19 3 1
github.com/topfreegames/donations/api/donation.go:67.5,67.15 1 1
github.com/topfreegames/donations/api/donation.go:63.19,66.6 2 0
github.com/topfreegames/donations/api/donation.go:69.18,71.5 1 0
github.com/topfreegames/donations/api/donation.go:74.17,76.4 1 0
github.com/topfreegames/donations/api/donation.go:78.74,80.4 1 0
github.com/topfreegames/donations/api/donation.go:83.54,85.18 2 1
github.com/topfreegames/donations/api/donation.go:91.4,91.14 1 1
github.com/topfreegames/donations/api/donation.go:85.18,86.69 1 0
github.com/topfreegames/donations/api/donation.go:89.5,89.15 1 0
github.com/topfreegames/donations/api/donation.go:86.69,88.6 1 0
github.com/topfreegames/donations/api/donation.go:93.17,95.4 1 0
github.com/topfreegames/donations/api/donation.go:102.65,103.36 1 22
github.com/topfreegames/donations/api/donation.go:103.36,114.49 6 1
github.com/topfreegames/donations/api/donation.go:124.3,124.17 1 1
github.com/topfreegames/donations/api/donation.go:128.3,130.46 3 1
github.com/topfreegames/donations/api/donation.go:142.3,142.17 1 1
github.com/topfreegames/donations/api/donation.go:146.3,146.74 1 1
github.com/topfreegames/donations/api/donation.go:150.3,150.17 1 1
github.com/topfreegames/donations/api/donation.go:154.3,154.55 1 1
github.com/topfreegames/donations/api/donation.go:114.49,115.58 1 1
github.com/topfreegames/donations/api/donation.go:122.4,122.14 1 1
github.com/topfreegames/donations/api/donation.go:115.58,116.55 1 0
github.com/topfreegames/donations/api/donation.go:119.5,119.15 1 0
github.com/topfreegames/donations/api/donation.go:116.55,118.6 1 0
github.com/topfreegames/donations/api/donation.go:124.17,126.4 1 0
github.com/topfreegames/donations/api/donation.go:130.46,132.18 2 1
github.com/topfreegames/donations/api/donation.go:136.4,137.18 2 1
github.com/topfreegames/donations/api/donation.go:140.4,140.14 1 1
github.com/topfreegames/donations/api/donation.go:132.18,134.5 1 0
github.com/topfreegames/donations/api/donation.go:137.18,139.5 1 0
github.com/topfreegames/donations/api/donation.go:142.17,144.4 1 0
github.com/topfreegames/donations/api/donation.go:146.74,148.4 1 0
github.com/topfreegames/donations/api/donation.go:150.17,152.4 1 0
github.com/topfreegames/donations/api/game.go:15.61,16.36 1 22
github.com/topfreegames/donations/api/game.go:16.36,26.57 5 3
github.com/topfreegames/donations/api/game.go:33.3,34.17 2 2
github.com/topfreegames/donations/api/game.go:49.3,51.17 3 1
github.com/topfreegames/donations/api/game.go:58.3,58.62 1 1
github.com/topfreegames/donations/api/game.go:62.3,63.17 2 1
github.com/topfreegames/donations/api/game.go:70.3,70.51 1 1
github.com/topfreegames/donations/api/game.go:26.57,27.54 1 1
github.com/topfreegames/donations/api/game.go:30.4,30.40 1 1
github.com/topfreegames/donations/api/game.go:27.54,29.5 1 0
github.com/topfreegames/donations/api/game.go:34.17,35.57 1 1
github.com/topfreegames/donations/api/game.go:35.57,36.58 1 0
github.com/topfreegames/donations/api/game.go:39.5,39.41 1 0
github.com/topfreegames/donations/api/game.go:36.58,38.6 1 0
github.com/topfreegames/donations/api/game.go:41.4,43.34 2 1
github.com/topfreegames/donations/api/game.go:46.4,46.32 1 1
github.com/topfreegames/donations/api/game.go:43.34,45.5 1 0
github.com/topfreegames/donations/api/game.go:51.17,52.53 1 0
github.com/topfreegames/donations/api/game.go:55.4,55.40 1 0
github.com/topfreegames/donations/api/game.go:52.53,54.5 1 0
github.com/topfreegames/donations/api/game.go:58.62,60.4 1 0
github.com/topfreegames/donations/api/game.go:63.17,64.56 1 0
github.com/topfreegames/donations/api/game.go:67.4,67.40 1 0
github.com/topfreegames/donations/api/game.go:64.56,66.5 1 0
github.com/topfreegames/donations/api/game.go:75.61,76.36 1 22
github.com/topfreegames/donations/api/game.go:76.36,87.57 6 2
github.com/topfreegames/donations/api/game.go:94.3,95.17 2 2
github.com/topfreegames/donations/api/game.go:109.3,110.17 2 2
github.com/topfreegames/donations/api/game.go:117.3,117.58 1 2
github.com/topfreegames/donations/api/game.go:121.3,122.17 2 2
github.com/topfreegames/donations/api/game.go:129.3,129.51 1 2
github.com/topfreegames/donations/api/game.go:87.57,88.54 1 0
github.com/topfreegames/donations/api/game.go:91.4,91.40 1 0
github.com/topfreegames/donations/api/game.go:88.54,90.5 1 0
github.com/topfreegames/donations/api/game.go:95.17,96.57 1 1
github.com/topfreegames/donations/api/game.go:102.4,103.64 2 1
github.com/topfreegames/donations/api/game.go:96.57,97.58 1 0
github.com/topfreegames/donations/api/game.go:100.5,100.41 1 0
github.com/topfreegames/donations/api/game.go:97.58,99.6 1 0
github.com/topfreegames/donations/api/game.go:104.4,107.4 2 1
github.com/topfreegames/donations/api/game.go:110.17,111.55 1 0
github.com/topfreegames/donations/api/game.go:114.4,114.40 1 0
github.com/topfreegames/donations/api/game.go:111.55,113.5 1 0
github.com/topfreegames/donations/api/game.go:117.58,119.4 1 0
github.com/topfreegames/donations/api/game.go:122.17,123.56 1 0
github.com/topfreegames/donations/api/game.go:126.4,126.40 1 0
github.com/topfreegames/donations/api/game.go:123.56,125.5 1 0
github.com/topfreegames/donations/api/healthcheck.go:19.62,20.36 1 22
github.com/topfreegames/donations/api/healthcheck.go:20.36,25.47 3 2
github.com/topfreegames/donations/api/healthcheck.go:28.3,28.17 1 2
github.com/topfreegames/donations/api/healthcheck.go:32.3,33.48 2 2
github.com/topfreegames/donations/api/healthcheck.go:25.47,27.4 1 2
github.com/topfreegames/donations/api/healthcheck.go:28.17,30.4 1 0
github.com/topfreegames/donations/api/helpers.go:37.65,41.2 3 2
github.com/topfreegames/donations/api/helpers.go:44.72,45.20 1 0
github.com/topfreegames/donations/api/helpers.go:49.2,50.15 2 0
github.com/topfreegames/donations/api/helpers.go:53.2,55.12 3 0
github.com/topfreegames/donations/api/helpers.go:45.20,48.3 2 0
github.com/topfreegames/donations/api/helpers.go:50.15,52.3 1 0
github.com/topfreegames/donations/api/helpers.go:59.85,63.16 3 7
github.com/topfreegames/donations/api/helpers.go:70.2,71.9 2 7
github.com/topfreegames/donations/api/helpers.go:79.2,81.37 3 7
github.com/topfreegames/donations/api/helpers.go:88.2,88.56 1 7
github.com/topfreegames/donations/api/helpers.go:100.2,101.12 2 6
github.com/topfreegames/donations/api/helpers.go:63.16,64.55 1 0
github.com/topfreegames/donations/api/helpers.go:67.3,67.13 1 0
github.com/topfreegames/donations/api/helpers.go:64.55,66.4 1 0
github.com/topfreegames/donations/api/helpers.go:71.9,73.55 2 0
github.com/topfreegames/donations/api/helpers.go:76.3,76.13 1 0
github.com/topfreegames/donations/api/helpers.go:73.55,75.4 1 0
github.com/topfreegames/donations/api/helpers.go:81.37,82.55 1 0
github.com/topfreegames/donations/api/helpers.go:85.3,85.13 1 0
github.com/topfreegames/donations/api/helpers.go:82.55,84.4 1 0
github.com/topfreegames/donations/api/helpers.go:88.56,91.35 2 7
github.com/topfreegames/donations/api/helpers.go:91.35,93.56 2 1
github.com/topfreegames/donations/api/helpers.go:96.4,96.14 1 1
github.com/topfreegames/donations/api/helpers.go:93.56,95.5 1 0
github.com/topfreegames/donations/api/helpers.go:105.53,107.22 2 7
github.com/topfreegames/donations/api/helpers.go:110.2,112.16 3 7
github.com/topfreegames/donations/api/helpers.go:115.2,116.15 2 7
github.com/topfreegames/donations/api/helpers.go:107.22,109.3 1 0
github.com/topfreegames/donations/api/helpers.go:112.16,114.3 1 0
github.com/topfreegames/donations/api/helpers.go:120.70,122.16 2 0
github.com/topfreegames/donations/api/helpers.go:126.2,127.16 2 0
github.com/topfreegames/donations/api/helpers.go:131.2,131.12 1 0
github.com/topfreegames/donations/api/helpers.go:122.16,124.3 1 0
github.com/topfreegames/donations/api/helpers.go:127.16,129.3 1 0
github.com/topfreegames/donations/api/helpers.go:135.49,137.15 2 27
github.com/topfreegames/donations/api/helpers.go:141.2,141.34 1 27
github.com/topfreegames/donations/api/helpers.go:137.15,139.3 1 0
github.com/topfreegames/donations/api/helpers.go:145.69,147.15 2 27
github.com/topfreegames/donations/api/helpers.go:150.2,152.12 3 27
github.com/topfreegames/donations/api/helpers.go:147.15,149.3 1 0
github.com/topfreegames/donations/api/middleware.go:25.77,36.2 8 9
github.com/topfreegames/donations/api/middleware.go:39.62,41.2 1 22
github.com/topfreegames/donations/api/middleware.go:46.82,47.36 1 9
github.com/topfreegames/donations/api/middleware.go:47.36,51.3 3 9
github.com/topfreegames/donations/api/middleware.go:55.48,59.2 1 22
github.com/topfreegames/donations/api/middleware.go:67.75,68.36 1 9
github.com/topfreegames/donations/api/middleware.go:68.36,69.60 1 9
github.com/topfreegames/donations/api/middleware.go:69.60,73.4 3 9
github.com/topfreegames/donations/api/middleware.go:78.54,82.2 1 22
github.com/topfreegames/donations/api/middleware.go:90.74,91.36 1 9
github.com/topfreegames/donations/api/middleware.go:91.36,92.59 1 9
github.com/topfreegames/donations/api/middleware.go:92.59,96.18 3 9
github.com/topfreegames/donations/api/middleware.go:105.4,105.18 1 9
github.com/topfreegames/donations/api/middleware.go:122.4,122.14 1 9
github.com/topfreegames/donations/api/middleware.go:96.18,100.21 2 9
github.com/topfreegames/donations/api/middleware.go:100.21,102.6 1 0
github.com/topfreegames/donations/api/middleware.go:105.18,106.49 1 0
github.com/topfreegames/donations/api/middleware.go:111.5,119.34 3 0
github.com/topfreegames/donations/api/middleware.go:106.49,107.28 1 0
github.com/topfreegames/donations/api/middleware.go:107.28,109.7 1 0
github.com/topfreegames/donations/api/middleware.go:127.74,129.32 2 0
github.com/topfreegames/donations/api/middleware.go:134.2,135.59 2 0
github.com/topfreegames/donations/api/middleware.go:139.2,140.29 2 0
github.com/topfreegames/donations/api/middleware.go:129.32,132.3 2 0
github.com/topfreegames/donations/api/middleware.go:135.59,137.3 1 0
github.com/topfreegames/donations/api/middleware.go:143.51,154.2 3 0
github.com/topfreegames/donations/api/middleware.go:157.77,161.2 1 22
github.com/topfreegames/donations/api/middleware.go:169.76,170.36 1 9
github.com/topfreegames/donations/api/middleware.go:170.36,171.16 1 9
github.com/topfreegames/donations/api/middleware.go:183.3,183.17 1 9
github.com/topfreegames/donations/api/middleware.go:171.16,172.36 1 9
github.com/topfreegames/donations/api/middleware.go:172.36,174.12 2 0
github.com/topfreegames/donations/api/middleware.go:177.5,177.25 1 0
github.com/topfreegames/donations/api/middleware.go:180.5,180.20 1 0
github.com/topfreegames/donations/api/middleware.go:174.12,176.6 1 0
github.com/topfreegames/donations/api/middleware.go:177.25,179.6 1 0
github.com/topfreegames/donations/api/middleware.go:188.66,191.2 2 22
github.com/topfreegames/donations/api/middleware.go:199.74,200.36 1 9
github.com/topfreegames/donations/api/middleware.go:200.36,227.19 16 9
github.com/topfreegames/donations/api/middleware.go:232.3,244.35 2 9
github.com/topfreegames/donations/api/middleware.go:250.3,250.19 1 7
github.com/topfreegames/donations/api/middleware.go:256.3,256.72 1 7
github.com/topfreegames/donations/api/middleware.go:260.3,260.13 1 7
github.com/topfreegames/donations/api/middleware.go:227.19,230.4 2 0
github.com/topfreegames/donations/api/middleware.go:244.35,247.4 2 2
github.com/topfreegames/donations/api/middleware.go:250.19,253.4 2 0
github.com/topfreegames/donations/api/middleware.go:256.72,258.4 1 0
github.com/topfreegames/donations/api/middleware.go:265.80,268.2 2 22
github.com/topfreegames/donations/api/middleware.go:277.77,278.36 1 9
github.com/topfreegames/donations/api/middleware.go:278.36,283.16 5 9
github.com/topfreegames/donations/api/middleware.go:288.3,289.17 2 9
github.com/topfreegames/donations/api/middleware.go:294.3,294.13 1 9
github.com/topfreegames/donations/api/middleware.go:283.16,286.4 2 9
github.com/topfreegames/donations/api/middleware.go:289.17,292.4 2 0
github.com/topfreegames/donations/api/payload.go:19.52,21.2 1 0
github.com/topfreegames/donations/api/payload.go:24.34,28.2 1 7
github.com/topfreegames/donations/api/payload.go:35.71,36.17 1 5
github.com/topfreegames/donations/api/payload.go:36.17,38.3 1 0
github.com/topfreegames/donations/api/payload.go:41.65,42.17 1 12
github.com/topfreegames/donations/api/payload.go:42.17,44.3 1 2
github.com/topfreegames/donations/api/payload.go:47.66,48.16 1 1
github.com/topfreegames/donations/api/payload.go:48.16,50.3 1 0
github.com/topfreegames/donations/api/payload.go:53.85,54.37 1 0
github.com/topfreegames/donations/api/payload.go:54.37,56.3 1 0
github.com/topfreegames/donations/api/payload.go:59.75,61.21 2 0
github.com/topfreegames/donations/api/payload.go:61.21,63.3 1 0
github.com/topfreegames/donations/api/payload.go:67.40,69.2 1 7
github.com/topfreegames/donations/api/payload.go:71.54,73.29 2 0
github.com/topfreegames/donations/api/payload.go:76.2,76.51 1 0
github.com/topfreegames/donations/api/payload.go:73.29,75.3 1 0
github.com/topfreegames/donations/api/payload.go:76.51,78.3 1 0
github.com/topfreegames/donations/api/payload.go:89.51,95.2 5 3
github.com/topfreegames/donations/api/payload.go:98.56,102.2 3 2
github.com/topfreegames/donations/api/payload.go:111.51,116.2 4 2
github.com/topfreegames/donations/api/payload.go:119.56,123.2 3 2
github.com/topfreegames/donations/api/payload.go:133.63,139.2 5 1
github.com/topfreegames/donations/api/payload.go:142.68,146.2 3 1
github.com/topfreegames/donations/api/payload.go:155.48,160.2 4 1
github.com/topfreegames/donations/api/payload.go:163.53,167.2 3 1
github.com/topfreegames/donations/api/payload_easyjson.go:18.102,19.17 1 1
github.com/topfreegames/donations/api/payload_easyjson.go:23.2,24.23 2 1
github.com/topfreegames/donations/api/payload_easyjson.go:42.2,42.15 1 1
github.com/topfreegames/donations/api/payload_easyjson.go:19.17,22.3 2 0
github.com/topfreegames/donations/api/payload_easyjson.go:24.23,27.18 3 2
github.com/topfreegames/donations/api/payload_easyjson.go:32.3,32.14 1 2
github.com/topfreegames/donations/api/payload_easyjson.go:40.3,40.17 1 2
github.com/topfreegames/donations/api/payload_easyjson.go:27.18,30.12 3 0
github.com/topfreegames/donations/api/payload_easyjson.go:33.3,34.36 1 1
github.com/topfreegames/donations/api/payload_easyjson.go:35.3,36.30 1 1
github.com/topfreegames/donations/api/payload_easyjson.go:37.3,38.22 1 0
github.com/topfreegames/donations/api/payload_easyjson.go:44.103,48.12 4 1
github.com/topfreegames/donations/api/payload_easyjson.go:51.2,54.12 4 1
github.com/topfreegames/donations/api/payload_easyjson.go:57.2,60.18 4 1
github.com/topfreegames/donations/api/payload_easyjson.go:48.12,50.3 1 0
github.com/topfreegames/donations/api/payload_easyjson.go:54.12,56.3 1 1
github.com/topfreegames/donations/api/payload_easyjson.go:64.61,66.2 1 1
github.com/topfreegames/donations/api/payload_easyjson.go:69.62,71.2 1 1
github.com/topfreegames/donations/api/payload_easyjson.go:72.116,73.17 1 1
github.com/topfreegames/donations/api/payload_easyjson.go:77.2,78.23 2 1
github.com/topfreegames/donations/api/payload_easyjson.go:98.2,98.15 1 1
github.com/topfreegames/donations/api/payload_easyjson.go:73.17,76.3 2 0
github.com/topfreegames/donations/api/payload_easyjson.go:78.23,81.18 3 3
github.com/topfreegames/donations/api/payload_easyjson.go:86.3,86.14 1 3
github.com/topfreegames/donations/api/payload_easyjson.go:96.3,96.17 1 3
github.com/topfreegames/donations/api/payload_easyjson.go:81.18,84.12 3 0
github.com/topfreegames/donations/api/payload_easyjson.go:87.3,88.34 1 1
github.com/topfreegames/donations/api/payload_easyjson.go:89.3,90.36 1 1
github.com/topfreegames/donations/api/payload_easyjson.go:91.3,92.34 1 1
github.com/topfreegames/donations/api/payload_easyjson.go:93.3,94.22 1 0
github.com/topfreegames/donations/api/payload_easyjson.go:100.117,104.12 4 1
github.com/topfreegames/donations/api/payload_easyjson.go:107.2,110.12 4 1
github.com/topfreegames/donations/api/payload_easyjson.go:113.2,116.12 4 1
github.com/topfreegames/donations/api/payload_easyjson.go:119.2,122.18 4 1
github.com/topfreegames/donations/api/payload_easyjson.go:104.12,106.3 1 0
github.com/topfreegames/donations/api/payload_easyjson.go:110.12,112.3 1 1
github.com/topfreegames/donations/api/payload_easyjson.go:116.12,118.3 1 1
github.com/topfreegames/donations/api/payload_easyjson.go:126.74,128.2 1 1
github.com/topfreegames/donations/api/payload_easyjson.go:131.75,133.2 1 1
github.com/topfreegames/donations/api/payload_easyjson.go:134.105,135.17 1 2
github.com/topfreegames/donations/api/payload_easyjson.go:139.2,140.23 2 2
github.com/topfreegames/donations/api/payload_easyjson.go:176.2,176.15 1 2
github.com/topfreegames/donations/api/payload_easyjson.go:135.17,138.3 2 0
github.com/topfreegames/donations/api/payload_easyjson.go:140.23,143.18 3 4
github.com/topfreegames/donations/api/payload_easyjson.go:148.3,148.14 1 4
github.com/topfreegames/donations/api/payload_easyjson.go:174.3,174.17 1 4
github.com/topfreegames/donations/api/payload_easyjson.go:143.18,146.12 3 0
github.com/topfreegames/donations/api/payload_easyjson.go:149.3,150.34 1 2
github.com/topfreegames/donations/api/payload_easyjson.go:151.3,152.19 1 2
github.com/topfreegames/donations/api/payload_easyjson.go:171.3,172.22 1 0
github.com/topfreegames/donations/api/payload_easyjson.go:152.19,154.5 1 0
github.com/topfreegames/donations/api/payload_easyjson.go:154.5,156.25 2 2
github.com/topfreegames/donations/api/payload_easyjson.go:161.5,161.26 1 2
github.com/topfreegames/donations/api/payload_easyjson.go:169.5,169.18 1 2
github.com/topfreegames/donations/api/payload_easyjson.go:156.25,158.6 1 2
github.com/topfreegames/donations/api/payload_easyjson.go:158.6,160.6 1 0
github.com/topfreegames/donations/api/payload_easyjson.go:161.26,168.6 6 2
github.com/topfreegames/donations/api/payload_easyjson.go:178.106,182.12 4 2
github.com/topfreegames/donations/api/payload_easyjson.go:185.2,188.12 4 2
github.com/topfreegames/donations/api/payload_easyjson.go:191.2,193.23 3 2
github.com/topfreegames/donations/api/payload_easyjson.go:213.2,213.18 1 2
github.com/topfreegames/donations/api/payload_easyjson.go:182.12,184.3 1 0
github.com/topfreegames/donations/api/payload_easyjson.go:188.12,190.3 1 2
github.com/topfreegames/donations/api/payload_easyjson.go:193.23,195.3 1 0
github.com/topfreegames/donations/api/payload_easyjson.go:195.3,198.43 3 2
github.com/topfreegames/donations/api/payload_easyjson.go:211.3,211.19 1 2
github.com/topfreegames/donations/api/payload_easyjson.go:198.43,199.16 1 2
github.com/topfreegames/donations/api/payload_easyjson.go:202.4,205.45 4 2
github.com/topfreegames/donations/api/payload_easyjson.go:199.16,201.5 1 0
github.com/topfreegames/donations/api/payload_easyjson.go:205.45,207.5 1 0
github.com/topfreegames/donations/api/payload_easyjson.go:207.5,209.5 1 2
github.com/topfreegames/donations/api/payload_easyjson.go:217.63,219.2 1 2
github.com/topfreegames/donations/api/payload_easyjson.go:222.64,224.2 1 2
github.com/topfreegames/donations/api/payload_easyjson.go:225.105,226.17 1 3
github.com/topfreegames/donations/api/payload_easyjson.go:230.2,231.23 2 3
github.com/topfreegames/donations/api/payload_easyjson.go:269.2,269.15 1 3
github.com/topfreegames/donations/api/payload_easyjson.go:226.17,229.3 2 0
github.com/topfreegames/donations/api/payload_easyjson.go:231.23,234.18 3 6
github.com/topfreegames/donations/api/payload_easyjson.go:239.3,239.14 1 4
github.com/topfreegames/donations/api/payload_easyjson.go:267.3,267.17 1 4
github.com/topfreegames/donations/api/payload_easyjson.go:234.18,237.12 3 2
github.com/topfreegames/donations/api/payload_easyjson.go:240.3,241.34 1 2
github.com/topfreegames/donations/api/payload_easyjson.go:242.3,243.32 1 2
github.com/topfreegames/donations/api/payload_easyjson.go:244.3,245.19 1 0
github.com/topfreegames/donations/api/payload_easyjson.go:264.3,265.22 1 0
github.com/topfreegames/donations/api/payload_easyjson.go:245.19,247.5 1 0
github.com/topfreegames/donations/api/payload_easyjson.go:247.5,249.25 2 0
github.com/topfreegames/donations/api/payload_easyjson.go:254.5,254.26 1 0
github.com/topfreegames/donations/api/payload_easyjson.go:262.5,262.18 1 0
github.com/topfreegames/donations/api/payload_easyjson.go:249.25,251.6 1 0
github.com/topfreegames/donations/api/payload_easyjson.go:251.6,253.6 1 0
github.com/topfreegames/donations/api/payload_easyjson.go:254.26,261.6 6 0
github.com/topfreegames/donations/api/payload_easyjson.go:271.106,275.12 4 2
github.com/topfreegames/donations/api/payload_easyjson.go:278.2,281.12 4 2
github.com/topfreegames/donations/api/payload_easyjson.go:284.2,287.12 4 2
github.com/topfreegames/donations/api/payload_easyjson.go:290.2,292.23 3 2
github.com/topfreegames/donations/api/payload_easyjson.go:312.2,312.18 1 2
github.com/topfreegames/donations/api/payload_easyjson.go:275.12,277.3 1 0
github.com/topfreegames/donations/api/payload_easyjson.go:281.12,283.3 1 2
github.com/topfreegames/donations/api/payload_easyjson.go:287.12,289.3 1 2
github.com/topfreegames/donations/api/payload_easyjson.go:292.23,294.3 1 2
github.com/topfreegames/donations/api/payload_easyjson.go:294.3,297.43 3 0
github.com/topfreegames/donations/api/payload_easyjson.go:310.3,310.19 1 0
github.com/topfreegames/donations/api/payload_easyjson.go:297.43,298.16 1 0
github.com/topfreegames/donations/api/payload_easyjson.go:301.4,304.45 4 0
github.com/topfreegames/donations/api/payload_easyjson.go:298.16,300.5 1 0
github.com/topfreegames/donations/api/payload_easyjson.go:304.45,306.5 1 0
github.com/topfreegames/donations/api/payload_easyjson.go:306.5,308.5 1 0
github.com/topfreegames/donations/api/payload_easyjson.go:316.63,318.2 1 2
github.com/topfreegames/donations/api/payload_easyjson.go:321.64,323.2 1 3
github.com/topfreegames/donations/api/payload_easyjson.go:324.98,325.17 1 0
github.com/topfreegames/donations/api/payload_easyjson.go:329.2,330.23 2 0
github.com/topfreegames/donations/api/payload_easyjson.go:344.2,344.15 1 0
github.com/topfreegames/donations/api/payload_easyjson.go:325.17,328.3 2 0
github.com/topfreegames/donations/api/payload_easyjson.go:330.23,333.18 3 0
github.com/topfreegames/donations/api/payload_easyjson.go:338.3,338.14 1 0
github.com/topfreegames/donations/api/payload_easyjson.go:342.3,342.17 1 0
github.com/topfreegames/donations/api/payload_easyjson.go:333.18,336.12 3 0
github.com/topfreegames/donations/api/payload_easyjson.go:339.3,340.22 1 0
github.com/topfreegames/donations/api/payload_easyjson.go:346.99,351.2 4 0
github.com/topfreegames/donations/api/payload_easyjson.go:354.56,356.2 1 0
github.com/topfreegames/donations/api/payload_easyjson.go:359.57,361.2 1 0
github.com/topfreegames/donations/api/app.go:41.128,53.16 3 14
github.com/topfreegames/donations/api/app.go:56.2,56.17 1 13
github.com/topfreegames/donations/api/app.go:53.16,55.3 1 1
github.com/topfreegames/donations/api/app.go:60.35,64.16 3 23
github.com/topfreegames/donations/api/app.go:67.2,71.16 4 22
github.com/topfreegames/donations/api/app.go:76.2,78.12 2 22
github.com/topfreegames/donations/api/app.go:64.16,66.3 1 1
github.com/topfreegames/donations/api/app.go:71.16,74.3 2 0
github.com/topfreegames/donations/api/app.go:81.35,89.2 4 22
github.com/topfreegames/donations/api/app.go:91.43,94.19 3 22
github.com/topfreegames/donations/api/app.go:98.2,105.23 3 22
github.com/topfreegames/donations/api/app.go:109.2,110.16 2 22
github.com/topfreegames/donations/api/app.go:115.2,118.12 3 22
github.com/topfreegames/donations/api/app.go:94.19,96.3 1 22
github.com/topfreegames/donations/api/app.go:105.23,108.3 2 22
github.com/topfreegames/donations/api/app.go:110.16,113.3 2 0
github.com/topfreegames/donations/api/app.go:121.44,130.2 7 23
github.com/topfreegames/donations/api/app.go:132.43,138.50 5 23
github.com/topfreegames/donations/api/app.go:144.2,144.12 1 22
github.com/topfreegames/donations/api/app.go:138.50,140.3 1 22
github.com/topfreegames/donations/api/app.go:140.3,142.3 1 1
github.com/topfreegames/donations/api/app.go:148.57,157.20 3 2
github.com/topfreegames/donations/api/app.go:164.2,168.29 2 2
github.com/topfreegames/donations/api/app.go:158.2,159.18 1 2
github.com/topfreegames/donations/api/app.go:160.2,161.28 1 0
github.com/topfreegames/donations/api/app.go:171.46,178.14 4 22
github.com/topfreegames/donations/api/app.go:183.2,190.25 6 22
github.com/topfreegames/donations/api/app.go:199.2,219.12 14 22
github.com/topfreegames/donations/api/app.go:178.14,180.3 1 0
github.com/topfreegames/donations/api/app.go:180.3,182.3 1 22
github.com/topfreegames/donations/api/app.go:190.25,193.67 2 0
github.com/topfreegames/donations/api/app.go:193.67,195.4 1 0
github.com/topfreegames/donations/api/app.go:222.42,233.16 3 22
github.com/topfreegames/donations/api/app.go:236.2,240.12 5 22
github.com/topfreegames/donations/api/app.go:233.16,235.3 1 0
github.com/topfreegames/donations/api/app.go:244.25,250.20 3 0
github.com/topfreegames/donations/api/app.go:250.20,251.13 1 0
github.com/topfreegames/donations/api/app.go:251.13,253.4 1 0
github.com/topfreegames/donations/api/app.go:254.3,256.3 1 0
github.com/topfreegames/donations/api/app.go:260.24,262.2 1 9
