mode: atomic
github.com/topfreegames/donations/api/game.go:15.61,16.36 1 18
github.com/topfreegames/donations/api/game.go:16.36,26.57 5 3
github.com/topfreegames/donations/api/game.go:33.3,34.17 2 2
github.com/topfreegames/donations/api/game.go:49.3,51.17 3 1
github.com/topfreegames/donations/api/game.go:58.3,58.62 1 1
github.com/topfreegames/donations/api/game.go:62.3,63.17 2 1
github.com/topfreegames/donations/api/game.go:70.3,70.51 1 1
github.com/topfreegames/donations/api/game.go:26.57,27.54 1 1
github.com/topfreegames/donations/api/game.go:30.4,30.40 1 1
github.com/topfreegames/donations/api/game.go:27.54,29.5 1 0
github.com/topfreegames/donations/api/game.go:34.17,35.57 1 1
github.com/topfreegames/donations/api/game.go:35.57,36.58 1 0
github.com/topfreegames/donations/api/game.go:39.5,39.41 1 0
github.com/topfreegames/donations/api/game.go:36.58,38.6 1 0
github.com/topfreegames/donations/api/game.go:41.4,43.34 2 1
github.com/topfreegames/donations/api/game.go:46.4,46.32 1 1
github.com/topfreegames/donations/api/game.go:43.34,45.5 1 0
github.com/topfreegames/donations/api/game.go:51.17,52.53 1 0
github.com/topfreegames/donations/api/game.go:55.4,55.40 1 0
github.com/topfreegames/donations/api/game.go:52.53,54.5 1 0
github.com/topfreegames/donations/api/game.go:58.62,60.4 1 0
github.com/topfreegames/donations/api/game.go:63.17,64.56 1 0
github.com/topfreegames/donations/api/game.go:67.4,67.40 1 0
github.com/topfreegames/donations/api/game.go:64.56,66.5 1 0
github.com/topfreegames/donations/api/game.go:75.61,76.36 1 18
github.com/topfreegames/donations/api/game.go:76.36,87.57 6 2
github.com/topfreegames/donations/api/game.go:94.3,95.17 2 2
github.com/topfreegames/donations/api/game.go:109.3,110.17 2 2
github.com/topfreegames/donations/api/game.go:117.3,117.58 1 2
github.com/topfreegames/donations/api/game.go:121.3,122.17 2 2
github.com/topfreegames/donations/api/game.go:129.3,129.51 1 2
github.com/topfreegames/donations/api/game.go:87.57,88.54 1 0
github.com/topfreegames/donations/api/game.go:91.4,91.40 1 0
github.com/topfreegames/donations/api/game.go:88.54,90.5 1 0
github.com/topfreegames/donations/api/game.go:95.17,96.57 1 1
github.com/topfreegames/donations/api/game.go:102.4,103.64 2 1
github.com/topfreegames/donations/api/game.go:96.57,97.58 1 0
github.com/topfreegames/donations/api/game.go:100.5,100.41 1 0
github.com/topfreegames/donations/api/game.go:97.58,99.6 1 0
github.com/topfreegames/donations/api/game.go:104.4,107.4 2 1
github.com/topfreegames/donations/api/game.go:110.17,111.55 1 0
github.com/topfreegames/donations/api/game.go:114.4,114.40 1 0
github.com/topfreegames/donations/api/game.go:111.55,113.5 1 0
github.com/topfreegames/donations/api/game.go:117.58,119.4 1 0
github.com/topfreegames/donations/api/game.go:122.17,123.56 1 0
github.com/topfreegames/donations/api/game.go:126.4,126.40 1 0
github.com/topfreegames/donations/api/game.go:123.56,125.5 1 0
github.com/topfreegames/donations/api/healthcheck.go:19.62,20.36 1 18
github.com/topfreegames/donations/api/healthcheck.go:20.36,25.47 3 2
github.com/topfreegames/donations/api/healthcheck.go:28.3,28.17 1 2
github.com/topfreegames/donations/api/healthcheck.go:32.3,33.48 2 2
github.com/topfreegames/donations/api/healthcheck.go:25.47,27.4 1 2
github.com/topfreegames/donations/api/healthcheck.go:28.17,30.4 1 0
github.com/topfreegames/donations/api/helpers.go:37.65,41.2 3 2
github.com/topfreegames/donations/api/helpers.go:44.72,45.20 1 0
github.com/topfreegames/donations/api/helpers.go:49.2,50.15 2 0
github.com/topfreegames/donations/api/helpers.go:53.2,55.12 3 0
github.com/topfreegames/donations/api/helpers.go:45.20,48.3 2 0
github.com/topfreegames/donations/api/helpers.go:50.15,52.3 1 0
github.com/topfreegames/donations/api/helpers.go:59.85,63.16 3 5
github.com/topfreegames/donations/api/helpers.go:70.2,71.9 2 5
github.com/topfreegames/donations/api/helpers.go:79.2,81.37 3 5
github.com/topfreegames/donations/api/helpers.go:88.2,88.56 1 5
github.com/topfreegames/donations/api/helpers.go:100.2,101.12 2 4
github.com/topfreegames/donations/api/helpers.go:63.16,64.55 1 0
github.com/topfreegames/donations/api/helpers.go:67.3,67.13 1 0
github.com/topfreegames/donations/api/helpers.go:64.55,66.4 1 0
github.com/topfreegames/donations/api/helpers.go:71.9,73.55 2 0
github.com/topfreegames/donations/api/helpers.go:76.3,76.13 1 0
github.com/topfreegames/donations/api/helpers.go:73.55,75.4 1 0
github.com/topfreegames/donations/api/helpers.go:81.37,82.55 1 0
github.com/topfreegames/donations/api/helpers.go:85.3,85.13 1 0
github.com/topfreegames/donations/api/helpers.go:82.55,84.4 1 0
github.com/topfreegames/donations/api/helpers.go:88.56,91.35 2 5
github.com/topfreegames/donations/api/helpers.go:91.35,93.56 2 1
github.com/topfreegames/donations/api/helpers.go:96.4,96.14 1 1
github.com/topfreegames/donations/api/helpers.go:93.56,95.5 1 0
github.com/topfreegames/donations/api/helpers.go:105.53,107.22 2 5
github.com/topfreegames/donations/api/helpers.go:110.2,112.16 3 5
github.com/topfreegames/donations/api/helpers.go:115.2,116.15 2 5
github.com/topfreegames/donations/api/helpers.go:107.22,109.3 1 0
github.com/topfreegames/donations/api/helpers.go:112.16,114.3 1 0
github.com/topfreegames/donations/api/helpers.go:120.70,122.16 2 0
github.com/topfreegames/donations/api/helpers.go:126.2,127.16 2 0
github.com/topfreegames/donations/api/helpers.go:131.2,131.12 1 0
github.com/topfreegames/donations/api/helpers.go:122.16,124.3 1 0
github.com/topfreegames/donations/api/helpers.go:127.16,129.3 1 0
github.com/topfreegames/donations/api/helpers.go:135.49,137.15 2 16
github.com/topfreegames/donations/api/helpers.go:141.2,141.34 1 16
github.com/topfreegames/donations/api/helpers.go:137.15,139.3 1 0
github.com/topfreegames/donations/api/helpers.go:145.69,147.15 2 16
github.com/topfreegames/donations/api/helpers.go:150.2,152.12 3 16
github.com/topfreegames/donations/api/helpers.go:147.15,149.3 1 0
github.com/topfreegames/donations/api/middleware.go:25.77,36.2 8 7
github.com/topfreegames/donations/api/middleware.go:39.62,41.2 1 18
github.com/topfreegames/donations/api/middleware.go:46.82,47.36 1 7
github.com/topfreegames/donations/api/middleware.go:47.36,51.3 3 7
github.com/topfreegames/donations/api/middleware.go:55.48,59.2 1 18
github.com/topfreegames/donations/api/middleware.go:67.75,68.36 1 7
github.com/topfreegames/donations/api/middleware.go:68.36,69.60 1 7
github.com/topfreegames/donations/api/middleware.go:69.60,73.4 3 7
github.com/topfreegames/donations/api/middleware.go:78.54,82.2 1 18
github.com/topfreegames/donations/api/middleware.go:90.74,91.36 1 7
github.com/topfreegames/donations/api/middleware.go:91.36,92.59 1 7
github.com/topfreegames/donations/api/middleware.go:92.59,96.18 3 7
github.com/topfreegames/donations/api/middleware.go:105.4,105.18 1 7
github.com/topfreegames/donations/api/middleware.go:122.4,122.14 1 7
github.com/topfreegames/donations/api/middleware.go:96.18,100.21 2 7
github.com/topfreegames/donations/api/middleware.go:100.21,102.6 1 0
github.com/topfreegames/donations/api/middleware.go:105.18,106.49 1 0
github.com/topfreegames/donations/api/middleware.go:111.5,119.34 3 0
github.com/topfreegames/donations/api/middleware.go:106.49,107.28 1 0
github.com/topfreegames/donations/api/middleware.go:107.28,109.7 1 0
github.com/topfreegames/donations/api/middleware.go:127.74,129.32 2 0
github.com/topfreegames/donations/api/middleware.go:134.2,135.59 2 0
github.com/topfreegames/donations/api/middleware.go:139.2,140.29 2 0
github.com/topfreegames/donations/api/middleware.go:129.32,132.3 2 0
github.com/topfreegames/donations/api/middleware.go:135.59,137.3 1 0
github.com/topfreegames/donations/api/middleware.go:143.51,154.2 3 0
github.com/topfreegames/donations/api/middleware.go:157.77,161.2 1 18
github.com/topfreegames/donations/api/middleware.go:169.76,170.36 1 7
github.com/topfreegames/donations/api/middleware.go:170.36,171.16 1 7
github.com/topfreegames/donations/api/middleware.go:183.3,183.17 1 7
github.com/topfreegames/donations/api/middleware.go:171.16,172.36 1 7
github.com/topfreegames/donations/api/middleware.go:172.36,174.12 2 0
github.com/topfreegames/donations/api/middleware.go:177.5,177.25 1 0
github.com/topfreegames/donations/api/middleware.go:180.5,180.20 1 0
github.com/topfreegames/donations/api/middleware.go:174.12,176.6 1 0
github.com/topfreegames/donations/api/middleware.go:177.25,179.6 1 0
github.com/topfreegames/donations/api/middleware.go:188.66,191.2 2 18
github.com/topfreegames/donations/api/middleware.go:199.74,200.36 1 7
github.com/topfreegames/donations/api/middleware.go:200.36,227.19 16 7
github.com/topfreegames/donations/api/middleware.go:232.3,244.35 2 7
github.com/topfreegames/donations/api/middleware.go:250.3,250.19 1 5
github.com/topfreegames/donations/api/middleware.go:256.3,256.72 1 5
github.com/topfreegames/donations/api/middleware.go:260.3,260.13 1 5
github.com/topfreegames/donations/api/middleware.go:227.19,230.4 2 0
github.com/topfreegames/donations/api/middleware.go:244.35,247.4 2 2
github.com/topfreegames/donations/api/middleware.go:250.19,253.4 2 0
github.com/topfreegames/donations/api/middleware.go:256.72,258.4 1 0
github.com/topfreegames/donations/api/middleware.go:265.80,268.2 2 18
github.com/topfreegames/donations/api/middleware.go:277.77,278.36 1 7
github.com/topfreegames/donations/api/middleware.go:278.36,283.16 5 7
github.com/topfreegames/donations/api/middleware.go:288.3,289.17 2 7
github.com/topfreegames/donations/api/middleware.go:294.3,294.13 1 7
github.com/topfreegames/donations/api/middleware.go:283.16,286.4 2 7
github.com/topfreegames/donations/api/middleware.go:289.17,292.4 2 0
github.com/topfreegames/donations/api/payload.go:19.52,21.2 1 0
github.com/topfreegames/donations/api/payload.go:24.34,28.2 1 5
github.com/topfreegames/donations/api/payload.go:35.71,36.17 1 5
github.com/topfreegames/donations/api/payload.go:36.17,38.3 1 0
github.com/topfreegames/donations/api/payload.go:41.65,42.17 1 8
github.com/topfreegames/donations/api/payload.go:42.17,44.3 1 2
github.com/topfreegames/donations/api/payload.go:47.66,48.16 1 0
github.com/topfreegames/donations/api/payload.go:48.16,50.3 1 0
github.com/topfreegames/donations/api/payload.go:53.85,54.37 1 0
github.com/topfreegames/donations/api/payload.go:54.37,56.3 1 0
github.com/topfreegames/donations/api/payload.go:59.75,61.21 2 0
github.com/topfreegames/donations/api/payload.go:61.21,63.3 1 0
github.com/topfreegames/donations/api/payload.go:67.40,69.2 1 5
github.com/topfreegames/donations/api/payload.go:71.54,73.29 2 0
github.com/topfreegames/donations/api/payload.go:76.2,76.51 1 0
github.com/topfreegames/donations/api/payload.go:73.29,75.3 1 0
github.com/topfreegames/donations/api/payload.go:76.51,78.3 1 0
github.com/topfreegames/donations/api/payload.go:89.51,95.2 5 3
github.com/topfreegames/donations/api/payload.go:98.56,102.2 3 2
github.com/topfreegames/donations/api/payload.go:111.51,116.2 4 2
github.com/topfreegames/donations/api/payload.go:119.56,123.2 3 2
github.com/topfreegames/donations/api/payload_easyjson.go:18.104,19.17 1 2
github.com/topfreegames/donations/api/payload_easyjson.go:23.2,24.23 2 2
github.com/topfreegames/donations/api/payload_easyjson.go:60.2,60.15 1 2
github.com/topfreegames/donations/api/payload_easyjson.go:19.17,22.3 2 0
github.com/topfreegames/donations/api/payload_easyjson.go:24.23,27.18 3 4
github.com/topfreegames/donations/api/payload_easyjson.go:32.3,32.14 1 4
github.com/topfreegames/donations/api/payload_easyjson.go:58.3,58.17 1 4
github.com/topfreegames/donations/api/payload_easyjson.go:27.18,30.12 3 0
github.com/topfreegames/donations/api/payload_easyjson.go:33.3,34.34 1 2
github.com/topfreegames/donations/api/payload_easyjson.go:35.3,36.19 1 2
github.com/topfreegames/donations/api/payload_easyjson.go:55.3,56.22 1 0
github.com/topfreegames/donations/api/payload_easyjson.go:36.19,38.5 1 0
github.com/topfreegames/donations/api/payload_easyjson.go:38.5,40.25 2 2
github.com/topfreegames/donations/api/payload_easyjson.go:45.5,45.26 1 2
github.com/topfreegames/donations/api/payload_easyjson.go:53.5,53.18 1 2
github.com/topfreegames/donations/api/payload_easyjson.go:40.25,42.6 1 2
github.com/topfreegames/donations/api/payload_easyjson.go:42.6,44.6 1 0
github.com/topfreegames/donations/api/payload_easyjson.go:45.26,52.6 6 2
github.com/topfreegames/donations/api/payload_easyjson.go:62.105,66.12 4 2
github.com/topfreegames/donations/api/payload_easyjson.go:69.2,72.12 4 2
github.com/topfreegames/donations/api/payload_easyjson.go:75.2,77.23 3 2
github.com/topfreegames/donations/api/payload_easyjson.go:97.2,97.18 1 2
github.com/topfreegames/donations/api/payload_easyjson.go:66.12,68.3 1 0
github.com/topfreegames/donations/api/payload_easyjson.go:72.12,74.3 1 2
github.com/topfreegames/donations/api/payload_easyjson.go:77.23,79.3 1 0
github.com/topfreegames/donations/api/payload_easyjson.go:79.3,82.43 3 2
github.com/topfreegames/donations/api/payload_easyjson.go:95.3,95.19 1 2
github.com/topfreegames/donations/api/payload_easyjson.go:82.43,83.16 1 2
github.com/topfreegames/donations/api/payload_easyjson.go:86.4,89.45 4 2
github.com/topfreegames/donations/api/payload_easyjson.go:83.16,85.5 1 0
github.com/topfreegames/donations/api/payload_easyjson.go:89.45,91.5 1 0
github.com/topfreegames/donations/api/payload_easyjson.go:91.5,93.5 1 2
github.com/topfreegames/donations/api/payload_easyjson.go:101.63,103.2 1 2
github.com/topfreegames/donations/api/payload_easyjson.go:106.64,108.2 1 2
github.com/topfreegames/donations/api/payload_easyjson.go:109.105,110.17 1 3
github.com/topfreegames/donations/api/payload_easyjson.go:114.2,115.23 2 3
github.com/topfreegames/donations/api/payload_easyjson.go:153.2,153.15 1 3
github.com/topfreegames/donations/api/payload_easyjson.go:110.17,113.3 2 0
github.com/topfreegames/donations/api/payload_easyjson.go:115.23,118.18 3 6
github.com/topfreegames/donations/api/payload_easyjson.go:123.3,123.14 1 4
github.com/topfreegames/donations/api/payload_easyjson.go:151.3,151.17 1 4
github.com/topfreegames/donations/api/payload_easyjson.go:118.18,121.12 3 2
github.com/topfreegames/donations/api/payload_easyjson.go:124.3,125.34 1 2
github.com/topfreegames/donations/api/payload_easyjson.go:126.3,127.32 1 2
github.com/topfreegames/donations/api/payload_easyjson.go:128.3,129.19 1 0
github.com/topfreegames/donations/api/payload_easyjson.go:148.3,149.22 1 0
github.com/topfreegames/donations/api/payload_easyjson.go:129.19,131.5 1 0
github.com/topfreegames/donations/api/payload_easyjson.go:131.5,133.25 2 0
github.com/topfreegames/donations/api/payload_easyjson.go:138.5,138.26 1 0
github.com/topfreegames/donations/api/payload_easyjson.go:146.5,146.18 1 0
github.com/topfreegames/donations/api/payload_easyjson.go:133.25,135.6 1 0
github.com/topfreegames/donations/api/payload_easyjson.go:135.6,137.6 1 0
github.com/topfreegames/donations/api/payload_easyjson.go:138.26,145.6 6 0
github.com/topfreegames/donations/api/payload_easyjson.go:155.106,159.12 4 2
github.com/topfreegames/donations/api/payload_easyjson.go:162.2,165.12 4 2
github.com/topfreegames/donations/api/payload_easyjson.go:168.2,171.12 4 2
github.com/topfreegames/donations/api/payload_easyjson.go:174.2,176.23 3 2
github.com/topfreegames/donations/api/payload_easyjson.go:196.2,196.18 1 2
github.com/topfreegames/donations/api/payload_easyjson.go:159.12,161.3 1 0
github.com/topfreegames/donations/api/payload_easyjson.go:165.12,167.3 1 2
github.com/topfreegames/donations/api/payload_easyjson.go:171.12,173.3 1 2
github.com/topfreegames/donations/api/payload_easyjson.go:176.23,178.3 1 2
github.com/topfreegames/donations/api/payload_easyjson.go:178.3,181.43 3 0
github.com/topfreegames/donations/api/payload_easyjson.go:194.3,194.19 1 0
github.com/topfreegames/donations/api/payload_easyjson.go:181.43,182.16 1 0
github.com/topfreegames/donations/api/payload_easyjson.go:185.4,188.45 4 0
github.com/topfreegames/donations/api/payload_easyjson.go:182.16,184.5 1 0
github.com/topfreegames/donations/api/payload_easyjson.go:188.45,190.5 1 0
github.com/topfreegames/donations/api/payload_easyjson.go:190.5,192.5 1 0
github.com/topfreegames/donations/api/payload_easyjson.go:200.63,202.2 1 2
github.com/topfreegames/donations/api/payload_easyjson.go:205.64,207.2 1 3
github.com/topfreegames/donations/api/payload_easyjson.go:208.98,209.17 1 0
github.com/topfreegames/donations/api/payload_easyjson.go:213.2,214.23 2 0
github.com/topfreegames/donations/api/payload_easyjson.go:228.2,228.15 1 0
github.com/topfreegames/donations/api/payload_easyjson.go:209.17,212.3 2 0
github.com/topfreegames/donations/api/payload_easyjson.go:214.23,217.18 3 0
github.com/topfreegames/donations/api/payload_easyjson.go:222.3,222.14 1 0
github.com/topfreegames/donations/api/payload_easyjson.go:226.3,226.17 1 0
github.com/topfreegames/donations/api/payload_easyjson.go:217.18,220.12 3 0
github.com/topfreegames/donations/api/payload_easyjson.go:223.3,224.22 1 0
github.com/topfreegames/donations/api/payload_easyjson.go:230.99,235.2 4 0
github.com/topfreegames/donations/api/payload_easyjson.go:238.56,240.2 1 0
github.com/topfreegames/donations/api/payload_easyjson.go:243.57,245.2 1 0
github.com/topfreegames/donations/api/app.go:41.128,53.16 3 12
github.com/topfreegames/donations/api/app.go:56.2,56.17 1 11
github.com/topfreegames/donations/api/app.go:53.16,55.3 1 1
github.com/topfreegames/donations/api/app.go:60.35,64.16 3 19
github.com/topfreegames/donations/api/app.go:67.2,71.16 4 18
github.com/topfreegames/donations/api/app.go:76.2,78.12 2 18
github.com/topfreegames/donations/api/app.go:64.16,66.3 1 1
github.com/topfreegames/donations/api/app.go:71.16,74.3 2 0
github.com/topfreegames/donations/api/app.go:81.35,89.2 4 18
github.com/topfreegames/donations/api/app.go:91.43,94.19 3 18
github.com/topfreegames/donations/api/app.go:98.2,105.23 3 18
github.com/topfreegames/donations/api/app.go:109.2,110.16 2 18
github.com/topfreegames/donations/api/app.go:115.2,118.12 3 18
github.com/topfreegames/donations/api/app.go:94.19,96.3 1 18
github.com/topfreegames/donations/api/app.go:105.23,108.3 2 18
github.com/topfreegames/donations/api/app.go:110.16,113.3 2 0
github.com/topfreegames/donations/api/app.go:121.44,130.2 7 19
github.com/topfreegames/donations/api/app.go:132.43,138.50 5 19
github.com/topfreegames/donations/api/app.go:144.2,144.12 1 18
github.com/topfreegames/donations/api/app.go:138.50,140.3 1 18
github.com/topfreegames/donations/api/app.go:140.3,142.3 1 1
github.com/topfreegames/donations/api/app.go:148.57,157.20 3 2
github.com/topfreegames/donations/api/app.go:164.2,168.29 2 2
github.com/topfreegames/donations/api/app.go:158.2,159.18 1 2
github.com/topfreegames/donations/api/app.go:160.2,161.28 1 0
github.com/topfreegames/donations/api/app.go:171.46,178.14 4 18
github.com/topfreegames/donations/api/app.go:183.2,190.25 6 18
github.com/topfreegames/donations/api/app.go:199.2,216.12 12 18
github.com/topfreegames/donations/api/app.go:178.14,180.3 1 0
github.com/topfreegames/donations/api/app.go:180.3,182.3 1 18
github.com/topfreegames/donations/api/app.go:190.25,193.67 2 0
github.com/topfreegames/donations/api/app.go:193.67,195.4 1 0
github.com/topfreegames/donations/api/app.go:219.42,230.16 3 18
github.com/topfreegames/donations/api/app.go:233.2,237.12 5 18
github.com/topfreegames/donations/api/app.go:230.16,232.3 1 0
github.com/topfreegames/donations/api/app.go:241.25,247.20 3 0
github.com/topfreegames/donations/api/app.go:247.20,248.13 1 0
github.com/topfreegames/donations/api/app.go:248.13,250.4 1 0
github.com/topfreegames/donations/api/app.go:251.3,253.3 1 0
github.com/topfreegames/donations/api/app.go:257.24,259.2 1 7
