mode: atomic
github.com/topfreegames/donations/models/game.go:24.64,30.16 2 406
github.com/topfreegames/donations/models/game.go:34.2,44.16 3 406
github.com/topfreegames/donations/models/game.go:51.2,51.55 1 406
github.com/topfreegames/donations/models/game.go:59.2,59.12 1 406
github.com/topfreegames/donations/models/game.go:30.16,32.3 1 0
github.com/topfreegames/donations/models/game.go:44.16,45.52 1 0
github.com/topfreegames/donations/models/game.go:48.3,48.13 1 0
github.com/topfreegames/donations/models/game.go:45.52,47.4 1 0
github.com/topfreegames/donations/models/game.go:51.55,57.3 1 0
github.com/topfreegames/donations/models/game.go:63.41,67.2 3 0
github.com/topfreegames/donations/models/game.go:70.50,75.2 4 0
github.com/topfreegames/donations/models/game.go:78.69,84.2 1 205
github.com/topfreegames/donations/models/game.go:87.59,89.2 1 608
github.com/topfreegames/donations/models/game.go:92.81,95.16 3 202
github.com/topfreegames/donations/models/game.go:101.2,101.19 1 201
github.com/topfreegames/donations/models/game.go:95.16,96.36 1 1
github.com/topfreegames/donations/models/game.go:99.3,99.18 1 0
github.com/topfreegames/donations/models/game.go:96.36,98.4 1 1
github.com/topfreegames/donations/models/game_easyjson.go:18.94,19.17 1 0
github.com/topfreegames/donations/models/game_easyjson.go:23.2,24.23 2 0
github.com/topfreegames/donations/models/game_easyjson.go:62.2,62.15 1 0
github.com/topfreegames/donations/models/game_easyjson.go:19.17,22.3 2 0
github.com/topfreegames/donations/models/game_easyjson.go:24.23,27.18 3 0
github.com/topfreegames/donations/models/game_easyjson.go:32.3,32.14 1 0
github.com/topfreegames/donations/models/game_easyjson.go:60.3,60.17 1 0
github.com/topfreegames/donations/models/game_easyjson.go:27.18,30.12 3 0
github.com/topfreegames/donations/models/game_easyjson.go:33.3,34.32 1 0
github.com/topfreegames/donations/models/game_easyjson.go:35.3,36.34 1 0
github.com/topfreegames/donations/models/game_easyjson.go:37.3,38.19 1 0
github.com/topfreegames/donations/models/game_easyjson.go:57.3,58.22 1 0
github.com/topfreegames/donations/models/game_easyjson.go:38.19,40.5 1 0
github.com/topfreegames/donations/models/game_easyjson.go:40.5,42.25 2 0
github.com/topfreegames/donations/models/game_easyjson.go:47.5,47.26 1 0
github.com/topfreegames/donations/models/game_easyjson.go:55.5,55.18 1 0
github.com/topfreegames/donations/models/game_easyjson.go:42.25,44.6 1 0
github.com/topfreegames/donations/models/game_easyjson.go:44.6,46.6 1 0
github.com/topfreegames/donations/models/game_easyjson.go:47.26,54.6 6 0
github.com/topfreegames/donations/models/game_easyjson.go:64.95,68.12 4 0
github.com/topfreegames/donations/models/game_easyjson.go:71.2,74.12 4 0
github.com/topfreegames/donations/models/game_easyjson.go:77.2,80.12 4 0
github.com/topfreegames/donations/models/game_easyjson.go:83.2,85.23 3 0
github.com/topfreegames/donations/models/game_easyjson.go:105.2,105.18 1 0
github.com/topfreegames/donations/models/game_easyjson.go:68.12,70.3 1 0
github.com/topfreegames/donations/models/game_easyjson.go:74.12,76.3 1 0
github.com/topfreegames/donations/models/game_easyjson.go:80.12,82.3 1 0
github.com/topfreegames/donations/models/game_easyjson.go:85.23,87.3 1 0
github.com/topfreegames/donations/models/game_easyjson.go:87.3,90.43 3 0
github.com/topfreegames/donations/models/game_easyjson.go:103.3,103.19 1 0
github.com/topfreegames/donations/models/game_easyjson.go:90.43,91.16 1 0
github.com/topfreegames/donations/models/game_easyjson.go:94.4,97.45 4 0
github.com/topfreegames/donations/models/game_easyjson.go:91.16,93.5 1 0
github.com/topfreegames/donations/models/game_easyjson.go:97.45,99.5 1 0
github.com/topfreegames/donations/models/game_easyjson.go:99.5,101.5 1 0
github.com/topfreegames/donations/models/game_easyjson.go:109.50,111.2 1 0
github.com/topfreegames/donations/models/game_easyjson.go:114.51,116.2 1 0
