mode: atomic
github.com/topfreegames/donations/models/donation.go:34.77,45.16 5 0
github.com/topfreegames/donations/models/donation.go:52.2,54.12 2 0
github.com/topfreegames/donations/models/donation.go:45.16,46.64 1 0
github.com/topfreegames/donations/models/donation.go:49.3,49.13 1 0
github.com/topfreegames/donations/models/donation.go:46.64,48.4 1 0
github.com/topfreegames/donations/models/donation.go:58.104,66.16 2 0
github.com/topfreegames/donations/models/donation.go:70.2,78.16 5 0
github.com/topfreegames/donations/models/donation.go:85.2,87.12 2 0
github.com/topfreegames/donations/models/donation.go:66.16,68.3 1 0
github.com/topfreegames/donations/models/donation.go:78.16,79.55 1 0
github.com/topfreegames/donations/models/donation.go:82.3,82.13 1 0
github.com/topfreegames/donations/models/donation.go:79.55,81.4 1 0
github.com/topfreegames/donations/models/donation.go:91.52,95.2 3 0
github.com/topfreegames/donations/models/donation.go:98.72,103.2 4 0
github.com/topfreegames/donations/models/donation.go:106.69,112.2 1 0
github.com/topfreegames/donations/models/donation.go:115.70,117.2 1 0
github.com/topfreegames/donations/models/donation_easyjson.go:18.105,19.17 1 0
github.com/topfreegames/donations/models/donation_easyjson.go:23.2,24.23 2 0
github.com/topfreegames/donations/models/donation_easyjson.go:65.2,65.15 1 0
github.com/topfreegames/donations/models/donation_easyjson.go:19.17,22.3 2 0
github.com/topfreegames/donations/models/donation_easyjson.go:24.23,27.18 3 0
github.com/topfreegames/donations/models/donation_easyjson.go:32.3,32.14 1 0
github.com/topfreegames/donations/models/donation_easyjson.go:63.3,63.17 1 0
github.com/topfreegames/donations/models/donation_easyjson.go:27.18,30.12 3 0
github.com/topfreegames/donations/models/donation_easyjson.go:33.3,34.32 1 0
github.com/topfreegames/donations/models/donation_easyjson.go:35.3,36.34 1 0
github.com/topfreegames/donations/models/donation_easyjson.go:37.3,38.36 1 0
github.com/topfreegames/donations/models/donation_easyjson.go:39.3,40.34 1 0
github.com/topfreegames/donations/models/donation_easyjson.go:41.3,42.19 1 0
github.com/topfreegames/donations/models/donation_easyjson.go:60.3,61.22 1 0
github.com/topfreegames/donations/models/donation_easyjson.go:42.19,45.5 2 0
github.com/topfreegames/donations/models/donation_easyjson.go:45.5,47.25 2 0
github.com/topfreegames/donations/models/donation_easyjson.go:52.5,52.26 1 0
github.com/topfreegames/donations/models/donation_easyjson.go:58.5,58.18 1 0
github.com/topfreegames/donations/models/donation_easyjson.go:47.25,49.6 1 0
github.com/topfreegames/donations/models/donation_easyjson.go:49.6,51.6 1 0
github.com/topfreegames/donations/models/donation_easyjson.go:52.26,57.6 4 0
github.com/topfreegames/donations/models/donation_easyjson.go:67.106,71.12 4 0
github.com/topfreegames/donations/models/donation_easyjson.go:74.2,77.12 4 0
github.com/topfreegames/donations/models/donation_easyjson.go:80.2,83.12 4 0
github.com/topfreegames/donations/models/donation_easyjson.go:86.2,89.12 4 0
github.com/topfreegames/donations/models/donation_easyjson.go:92.2,95.12 4 0
github.com/topfreegames/donations/models/donation_easyjson.go:98.2,100.25 3 0
github.com/topfreegames/donations/models/donation_easyjson.go:112.2,112.18 1 0
github.com/topfreegames/donations/models/donation_easyjson.go:71.12,73.3 1 0
github.com/topfreegames/donations/models/donation_easyjson.go:77.12,79.3 1 0
github.com/topfreegames/donations/models/donation_easyjson.go:83.12,85.3 1 0
github.com/topfreegames/donations/models/donation_easyjson.go:89.12,91.3 1 0
github.com/topfreegames/donations/models/donation_easyjson.go:95.12,97.3 1 0
github.com/topfreegames/donations/models/donation_easyjson.go:100.25,102.3 1 0
github.com/topfreegames/donations/models/donation_easyjson.go:102.3,104.36 2 0
github.com/topfreegames/donations/models/donation_easyjson.go:110.3,110.19 1 0
github.com/topfreegames/donations/models/donation_easyjson.go:104.36,105.14 1 0
github.com/topfreegames/donations/models/donation_easyjson.go:108.4,108.29 1 0
github.com/topfreegames/donations/models/donation_easyjson.go:105.14,107.5 1 0
github.com/topfreegames/donations/models/donation_easyjson.go:116.61,118.2 1 0
github.com/topfreegames/donations/models/donation_easyjson.go:121.62,123.2 1 0
github.com/topfreegames/donations/models/donation_easyjson.go:124.99,125.17 1 0
github.com/topfreegames/donations/models/donation_easyjson.go:129.2,130.23 2 0
github.com/topfreegames/donations/models/donation_easyjson.go:148.2,148.15 1 0
github.com/topfreegames/donations/models/donation_easyjson.go:125.17,128.3 2 0
github.com/topfreegames/donations/models/donation_easyjson.go:130.23,133.18 3 0
github.com/topfreegames/donations/models/donation_easyjson.go:138.3,138.14 1 0
github.com/topfreegames/donations/models/donation_easyjson.go:146.3,146.17 1 0
github.com/topfreegames/donations/models/donation_easyjson.go:133.18,136.12 3 0
github.com/topfreegames/donations/models/donation_easyjson.go:139.3,140.36 1 0
github.com/topfreegames/donations/models/donation_easyjson.go:141.3,142.30 1 0
github.com/topfreegames/donations/models/donation_easyjson.go:143.3,144.22 1 0
github.com/topfreegames/donations/models/donation_easyjson.go:150.100,154.12 4 0
github.com/topfreegames/donations/models/donation_easyjson.go:157.2,160.12 4 0
github.com/topfreegames/donations/models/donation_easyjson.go:163.2,166.18 4 0
github.com/topfreegames/donations/models/donation_easyjson.go:154.12,156.3 1 0
github.com/topfreegames/donations/models/donation_easyjson.go:160.12,162.3 1 0
github.com/topfreegames/donations/models/donation_easyjson.go:170.54,172.2 1 0
github.com/topfreegames/donations/models/donation_easyjson.go:175.55,177.2 1 0
github.com/topfreegames/donations/models/game.go:24.64,30.16 2 406
github.com/topfreegames/donations/models/game.go:34.2,44.16 3 406
github.com/topfreegames/donations/models/game.go:51.2,51.55 1 406
github.com/topfreegames/donations/models/game.go:59.2,59.12 1 406
github.com/topfreegames/donations/models/game.go:30.16,32.3 1 0
github.com/topfreegames/donations/models/game.go:44.16,45.52 1 0
github.com/topfreegames/donations/models/game.go:48.3,48.13 1 0
github.com/topfreegames/donations/models/game.go:45.52,47.4 1 0
github.com/topfreegames/donations/models/game.go:51.55,57.3 1 0
github.com/topfreegames/donations/models/game.go:63.41,67.2 3 0
github.com/topfreegames/donations/models/game.go:70.50,75.2 4 0
github.com/topfreegames/donations/models/game.go:78.69,84.2 1 205
github.com/topfreegames/donations/models/game.go:87.59,89.2 1 608
github.com/topfreegames/donations/models/game.go:92.81,95.16 3 202
github.com/topfreegames/donations/models/game.go:101.2,101.19 1 201
github.com/topfreegames/donations/models/game.go:95.16,96.36 1 1
github.com/topfreegames/donations/models/game.go:99.3,99.18 1 0
github.com/topfreegames/donations/models/game.go:96.36,98.4 1 1
github.com/topfreegames/donations/models/game_easyjson.go:18.94,19.17 1 0
github.com/topfreegames/donations/models/game_easyjson.go:23.2,24.23 2 0
github.com/topfreegames/donations/models/game_easyjson.go:62.2,62.15 1 0
github.com/topfreegames/donations/models/game_easyjson.go:19.17,22.3 2 0
github.com/topfreegames/donations/models/game_easyjson.go:24.23,27.18 3 0
github.com/topfreegames/donations/models/game_easyjson.go:32.3,32.14 1 0
github.com/topfreegames/donations/models/game_easyjson.go:60.3,60.17 1 0
github.com/topfreegames/donations/models/game_easyjson.go:27.18,30.12 3 0
github.com/topfreegames/donations/models/game_easyjson.go:33.3,34.32 1 0
github.com/topfreegames/donations/models/game_easyjson.go:35.3,36.34 1 0
github.com/topfreegames/donations/models/game_easyjson.go:37.3,38.19 1 0
github.com/topfreegames/donations/models/game_easyjson.go:57.3,58.22 1 0
github.com/topfreegames/donations/models/game_easyjson.go:38.19,40.5 1 0
github.com/topfreegames/donations/models/game_easyjson.go:40.5,42.25 2 0
github.com/topfreegames/donations/models/game_easyjson.go:47.5,47.26 1 0
github.com/topfreegames/donations/models/game_easyjson.go:55.5,55.18 1 0
github.com/topfreegames/donations/models/game_easyjson.go:42.25,44.6 1 0
github.com/topfreegames/donations/models/game_easyjson.go:44.6,46.6 1 0
github.com/topfreegames/donations/models/game_easyjson.go:47.26,54.6 6 0
github.com/topfreegames/donations/models/game_easyjson.go:64.95,68.12 4 0
github.com/topfreegames/donations/models/game_easyjson.go:71.2,74.12 4 0
github.com/topfreegames/donations/models/game_easyjson.go:77.2,80.12 4 0
github.com/topfreegames/donations/models/game_easyjson.go:83.2,85.23 3 0
github.com/topfreegames/donations/models/game_easyjson.go:105.2,105.18 1 0
github.com/topfreegames/donations/models/game_easyjson.go:68.12,70.3 1 0
github.com/topfreegames/donations/models/game_easyjson.go:74.12,76.3 1 0
github.com/topfreegames/donations/models/game_easyjson.go:80.12,82.3 1 0
github.com/topfreegames/donations/models/game_easyjson.go:85.23,87.3 1 0
github.com/topfreegames/donations/models/game_easyjson.go:87.3,90.43 3 0
github.com/topfreegames/donations/models/game_easyjson.go:103.3,103.19 1 0
github.com/topfreegames/donations/models/game_easyjson.go:90.43,91.16 1 0
github.com/topfreegames/donations/models/game_easyjson.go:94.4,97.45 4 0
github.com/topfreegames/donations/models/game_easyjson.go:91.16,93.5 1 0
github.com/topfreegames/donations/models/game_easyjson.go:97.45,99.5 1 0
github.com/topfreegames/donations/models/game_easyjson.go:99.5,101.5 1 0
github.com/topfreegames/donations/models/game_easyjson.go:109.50,111.2 1 0
github.com/topfreegames/donations/models/game_easyjson.go:114.51,116.2 1 0
